mode: set
github.com/xsdrt/hiSpeed/render/render.go:35.111,36.37 1 1
github.com/xsdrt/hiSpeed/render/render.go:42.2,42.12 1 0
github.com/xsdrt/hiSpeed/render/render.go:37.12,38.36 1 1
github.com/xsdrt/hiSpeed/render/render.go:39.13,40.48 1 1
github.com/xsdrt/hiSpeed/render/render.go:46.102,48.16 2 1
github.com/xsdrt/hiSpeed/render/render.go:52.2,53.17 2 1
github.com/xsdrt/hiSpeed/render/render.go:57.2,58.16 2 1
github.com/xsdrt/hiSpeed/render/render.go:62.2,62.12 1 1
github.com/xsdrt/hiSpeed/render/render.go:48.16,50.3 1 1
github.com/xsdrt/hiSpeed/render/render.go:53.17,55.3 1 0
github.com/xsdrt/hiSpeed/render/render.go:58.16,60.3 1 0
github.com/xsdrt/hiSpeed/render/render.go:66.122,69.22 2 1
github.com/xsdrt/hiSpeed/render/render.go:75.2,76.17 2 1
github.com/xsdrt/hiSpeed/render/render.go:80.2,81.16 2 1
github.com/xsdrt/hiSpeed/render/render.go:86.2,86.46 1 1
github.com/xsdrt/hiSpeed/render/render.go:90.2,90.12 1 1
github.com/xsdrt/hiSpeed/render/render.go:69.22,71.3 1 1
github.com/xsdrt/hiSpeed/render/render.go:71.8,73.3 1 0
github.com/xsdrt/hiSpeed/render/render.go:76.17,78.3 1 0
github.com/xsdrt/hiSpeed/render/render.go:81.16,84.3 2 1
github.com/xsdrt/hiSpeed/render/render.go:86.46,89.3 2 0
